2020-09-08T16:54:58.065886+08:00 :  初始化 log 写入文件成功, file:/Users/klook/Documents/klook/workspace_hf/go_gin/src/service/fan_go_gin//fan_go.log
2020-09-08T16:54:58.066119+08:00 :  http.port:9002
2020-09-08T16:54:58.066143+08:00 :  mysql.host:127.0.0.1:3006
2020-09-08T16:55:08.67222+08:00 :  总共url 数量:607
2020-09-08T16:55:10.87572+08:00 :  total:607, success:0, failed:0
2020-09-08T16:55:10.875776+08:00 :  当前percent:0.000000
2020-09-08T16:55:14.634741+08:00 :  total:607, success:0, failed:0
2020-09-08T16:55:14.63479+08:00 :  当前percent:0.000000
2020-09-08T16:55:24.00614+08:00 :  total:607, success:1, failed:0
2020-09-08T16:55:24.006227+08:00 :  当前percent:0.164745
2020-09-08T16:55:33.557234+08:00 :  total:607, success:4, failed:0
2020-09-08T16:55:33.557293+08:00 :  当前percent:0.658979
2020-09-08T16:56:12.957778+08:00 :  total:607, success:12, failed:0
2020-09-08T16:56:12.957863+08:00 :  当前percent:1.976936
2020-09-08T16:56:22.24362+08:00 :  total:607, success:14, failed:0
2020-09-08T16:56:22.243683+08:00 :  当前percent:2.306425
2020-09-08T16:56:55.602199+08:00 :  total:607, success:21, failed:0
2020-09-08T16:56:55.602254+08:00 :  当前percent:3.459638
2020-09-08T16:56:59.6335+08:00 :  total:607, success:22, failed:0
2020-09-08T16:56:59.633568+08:00 :  当前percent:3.624382
2020-09-08T16:58:00.680453+08:00 :  total:607, success:36, failed:0
2020-09-08T16:58:00.680515+08:00 :  当前percent:5.930807
